0 info it worked if it ends with ok
1 verbose cli [ 'C:\\Program Files\\nodejs\\node.exe',
1 verbose cli   'C:\\Program Files\\nodejs\\node_modules\\npm\\bin\\npm-cli.js',
1 verbose cli   'run',
1 verbose cli   'build:prod' ]
2 info using npm@3.10.10
3 info using node@v6.10.3
4 verbose run-script [ 'prebuild:prod', 'build:prod', 'postbuild:prod' ]
5 info lifecycle thousandeyes@1.0.0~prebuild:prod: thousandeyes@1.0.0
6 silly lifecycle thousandeyes@1.0.0~prebuild:prod: no script for prebuild:prod, continuing
7 info lifecycle thousandeyes@1.0.0~build:prod: thousandeyes@1.0.0
8 verbose lifecycle thousandeyes@1.0.0~build:prod: unsafe-perm in lifecycle true
9 verbose lifecycle thousandeyes@1.0.0~build:prod: PATH: C:\Program Files\nodejs\node_modules\npm\bin\node-gyp-bin;C:\Workspace\thousandeyes\node_modules\.bin;C:\Workspace\thousandeyes\node_modules\.bin;C:\Users\abdelcadirka\AppData\Local\Yarn\config\link\node_modules\.bin;C:\Workspace\thousandeyes\node_modules\.bin;C:\Users\abdelcadirka\AppData\Local\Yarn\config\link\node_modules\.bin;C:\Users\abdelcadirka\AppData\Local\Yarn\bin;C:\Program Files\lib\node_modules\npm\bin\node-gyp-bin;C:\Program Files\nodejs\node_modules\npm\bin\node-gyp-bin;C:\Program Files (x86)\Intel\iCLS Client\;C:\Program Files\Intel\iCLS Client\;C:\Windows\system32;C:\Windows;C:\Windows\System32\Wbem;C:\Windows\System32\WindowsPowerShell\v1.0\;C:\Program Files (x86)\Toshiba\Bluetooth Toshiba Stack\sys\;C:\Program Files (x86)\Toshiba\Bluetooth Toshiba Stack\sys\x64\;C:\Program Files\Intel\Intel(R) Management Engine Components\DAL;C:\Program Files (x86)\Intel\Intel(R) Management Engine Components\DAL;C:\Program Files\Intel\Intel(R) Management Engine Components\IPT;C:\Program Files (x86)\Intel\Intel(R) Management Engine Components\IPT;C:\Program Files\Git\cmd;%PYTHON%;C:\Windows\system32\config\systemprofile\.dnx\bin;C:\Program Files\Microsoft DNX\Dnvm\;C:\Program Files\Microsoft SQL Server\130\Tools\Binn\;C:\apache-maven-3.3.9\bin;C:\Program Files\nodejs\;C:\Program Files (x86)\Yarn\bin;C:\Users\abdelcadirka\AppData\Local\atom\bin;C:\Program Files (x86)\Microsoft VS Code\bin;C:\Program Files (x86)\Java\jdk1.7.0_80\bin;C:\apache-tomcat-6.0.48\bin;C:\gradle-3.3\bin;C:\Program Files (x86)\Heroku\bin;C:\Users\abdelcadirka\AppData\Roaming\npm;C:\Users\abdelcadirka\AppData\Local\Yarn\bin;C:\Program Files\Docker Toolbox
10 verbose lifecycle thousandeyes@1.0.0~build:prod: CWD: C:\Workspace\thousandeyes
11 silly lifecycle thousandeyes@1.0.0~build:prod: Args: [ '/d /s /c',
11 silly lifecycle   'webpack --config webpack.config-prod.js --progress --profile --colors --display-error-details' ]
12 silly lifecycle thousandeyes@1.0.0~build:prod: Returned: code: 2  signal: null
13 info lifecycle thousandeyes@1.0.0~build:prod: Failed to exec build:prod script
14 verbose stack Error: thousandeyes@1.0.0 build:prod: `webpack --config webpack.config-prod.js --progress --profile --colors --display-error-details`
14 verbose stack Exit status 2
14 verbose stack     at EventEmitter.<anonymous> (C:\Program Files\nodejs\node_modules\npm\lib\utils\lifecycle.js:255:16)
14 verbose stack     at emitTwo (events.js:106:13)
14 verbose stack     at EventEmitter.emit (events.js:191:7)
14 verbose stack     at ChildProcess.<anonymous> (C:\Program Files\nodejs\node_modules\npm\lib\utils\spawn.js:40:14)
14 verbose stack     at emitTwo (events.js:106:13)
14 verbose stack     at ChildProcess.emit (events.js:191:7)
14 verbose stack     at maybeClose (internal/child_process.js:886:16)
14 verbose stack     at Process.ChildProcess._handle.onexit (internal/child_process.js:226:5)
15 verbose pkgid thousandeyes@1.0.0
16 verbose cwd C:\Workspace\thousandeyes
17 error Windows_NT 6.1.7601
18 error argv "C:\\Program Files\\nodejs\\node.exe" "C:\\Program Files\\nodejs\\node_modules\\npm\\bin\\npm-cli.js" "run" "build:prod"
19 error node v6.10.3
20 error npm  v3.10.10
21 error code ELIFECYCLE
22 error thousandeyes@1.0.0 build:prod: `webpack --config webpack.config-prod.js --progress --profile --colors --display-error-details`
22 error Exit status 2
23 error Failed at the thousandeyes@1.0.0 build:prod script 'webpack --config webpack.config-prod.js --progress --profile --colors --display-error-details'.
23 error Make sure you have the latest version of node.js and npm installed.
23 error If you do, this is most likely a problem with the thousandeyes package,
23 error not with npm itself.
23 error Tell the author that this fails on your system:
23 error     webpack --config webpack.config-prod.js --progress --profile --colors --display-error-details
23 error You can get information on how to open an issue for this project with:
23 error     npm bugs thousandeyes
23 error Or if that isn't available, you can get their info via:
23 error     npm owner ls thousandeyes
23 error There is likely additional logging output above.
24 verbose exit [ 1, true ]
